<?xml version="1.0" encoding="UTF-8"?>
<testsuite xmlns:xsi="http://www.w3.org/2001/XMLSchema-instance" xsi:noNamespaceSchemaLocation="https://maven.apache.org/surefire/maven-surefire-plugin/xsd/surefire-test-report.xsd" name="org.springframework.cloud.gateway.mvc.ProductionConfigurationTests" time="8.617" tests="22" errors="0" skipped="0" failures="0">
  <properties>
[...]
</properties>
  <testcase name="postForwardForgetBody" classname="org.springframework.cloud.gateway.mvc.ProductionConfigurationTests" time="1.027"/>
  <testcase name="postForwardBody" classname="org.springframework.cloud.gateway.mvc.ProductionConfigurationTests" time="0.016"/>
  <testcase name="entity" classname="org.springframework.cloud.gateway.mvc.ProductionConfigurationTests" time="0.056"/>
  <testcase name="entityWithType" classname="org.springframework.cloud.gateway.mvc.ProductionConfigurationTests" time="0.019"/>
  <testcase name="resourceWithNoType" classname="org.springframework.cloud.gateway.mvc.ProductionConfigurationTests" time="0.03"/>
  <testcase name="noBody" classname="org.springframework.cloud.gateway.mvc.ProductionConfigurationTests" time="0.025"/>
  <testcase name="single" classname="org.springframework.cloud.gateway.mvc.ProductionConfigurationTests" time="0.016"/>
  <testcase name="postForwardHeader" classname="org.springframework.cloud.gateway.mvc.ProductionConfigurationTests" time="0.014"/>
  <testcase name="forwardHeader" classname="org.springframework.cloud.gateway.mvc.ProductionConfigurationTests" time="0.014"/>
  <testcase name="forward" classname="org.springframework.cloud.gateway.mvc.ProductionConfigurationTests" time="0.009"/>
  <testcase name="converter" classname="org.springframework.cloud.gateway.mvc.ProductionConfigurationTests" time="0.015"/>
  <testcase name="resource" classname="org.springframework.cloud.gateway.mvc.ProductionConfigurationTests" time="0.02"/>
  <testcase name="get" classname="org.springframework.cloud.gateway.mvc.ProductionConfigurationTests" time="0.017"/>
  <testcase name="uri" classname="org.springframework.cloud.gateway.mvc.ProductionConfigurationTests" time="0.014"/>
  <testcase name="list" classname="org.springframework.cloud.gateway.mvc.ProductionConfigurationTests" time="0.015"/>
  <testcase name="path" classname="org.springframework.cloud.gateway.mvc.ProductionConfigurationTests" time="0.012"/>
  <testcase name="post" classname="org.springframework.cloud.gateway.mvc.ProductionConfigurationTests" time="0.02"/>
  <testcase name="headers" classname="org.springframework.cloud.gateway.mvc.ProductionConfigurationTests" time="0.051"/>
  <testcase name="missing" classname="org.springframework.cloud.gateway.mvc.ProductionConfigurationTests" time="0.047"/>
  <testcase name="forwardedHeaderUsesHost" classname="org.springframework.cloud.gateway.mvc.ProductionConfigurationTests" time="0.017"/>
  <testcase name="bodyless" classname="org.springframework.cloud.gateway.mvc.ProductionConfigurationTests" time="0.015"/>
  <testcase name="postForwardBodyFoo" classname="org.springframework.cloud.gateway.mvc.ProductionConfigurationTests" time="0.008"/>
</testsuite>