<?xml version="1.0" encoding="UTF-8"?>
<testsuite xmlns:xsi="http://www.w3.org/2001/XMLSchema-instance" xsi:noNamespaceSchemaLocation="https://maven.apache.org/surefire/maven-surefire-plugin/xsd/surefire-test-report.xsd" name="org.springframework.cloud.gateway.webflux.ReactiveTests" time="0.945" tests="5" errors="0" skipped="0" failures="0">
  <properties>
[...]
</properties>
  <testcase name="forward" classname="org.springframework.cloud.gateway.webflux.ReactiveTests" time="0.028"/>
  <testcase name="get" classname="org.springframework.cloud.gateway.webflux.ReactiveTests" time="0.013"/>
  <testcase name="post" classname="org.springframework.cloud.gateway.webflux.ReactiveTests" time="0.018"/>
  <testcase name="postFlux" classname="org.springframework.cloud.gateway.webflux.ReactiveTests" time="0.024"/>
  <testcase name="postBytes" classname="org.springframework.cloud.gateway.webflux.ReactiveTests" time="0.017"/>
</testsuite>